Arguments: 
  C:\Program Files\nodejs\node.exe C:\Users\motom\AppData\Roaming\npm\node_modules\yarn\bin\yarn.js

PATH: 
  C:\Program Files (x86)\Common Files\Oracle\Java\javapath;C:\Windows\system32;C:\Windows;C:\Windows\System32\Wbem;C:\Windows\System32\WindowsPowerShell\v1.0\;C:\Windows\System32\OpenSSH\;C:\Program Files (x86)\NVIDIA Corporation\PhysX\Common;C:\Program Files\NVIDIA Corporation\NVIDIA NvDLISR;C:\Program Files\nodejs\;C:\Users\motom\AppData\Local\Microsoft\WindowsApps;;C:\Users\motom\AppData\Local\Programs\Microsoft VS Code\bin;C:\Users\motom\AppData\Roaming\npm

Yarn version: 
  1.22.18

Node version: 
  16.15.0

Platform: 
  win32 x64

Trace: 
  SyntaxError: C:\src\NFT\hokusai\artNft\package.json: Unexpected string in JSON at position 87
      at JSON.parse (<anonymous>)
      at C:\Users\motom\AppData\Roaming\npm\node_modules\yarn\lib\cli.js:1625:59
      at Generator.next (<anonymous>)
      at step (C:\Users\motom\AppData\Roaming\npm\node_modules\yarn\lib\cli.js:310:30)
      at C:\Users\motom\AppData\Roaming\npm\node_modules\yarn\lib\cli.js:321:13

npm manifest: 
  {
    "name": "artNft",
    "version": "1.0.0",
    "main": "index.js",
    "license": "MIT"
    "scripts": {
      "tsc": "tsc",
  
      "store-metadata": "yarn store-metadata:v2",
      "store-metadata:v1": "yarn tsc && yarn store-metadata:v1:run",
      "store-metadata:v2": "yarn tsc && yarn store-metadata:v2:run",
      "store-metadata:v1:run": "node ./build/v1/storeMetadata.js",
      "store-metadata:v2:run": "node ./build/v2/storeMetadata.js",
  
      "mint-nft": "yarn mint-nft:v2",
      "mint-nft:v1": "yarn tsc && yarn mint-nft:v1:run",
      "mint-nft:v2": "yarn tsc && yarn mint-nft:v2:run",
      "mint-nft:v1:run": "node ./build/v1/mintNft.js",
      "mint-nft:v2:run": "node ./build/v2/mintNft.js",
  
      "get-nft": "yarn get-nft:v2",
      "get-nft:v1": "yarn tsc && yarn get-nft:v1:run",
      "get-nft:v2": "yarn tsc && yarn get-nft:v2:run",
      "get-nft:v1:run": "node ./build/v1/getNft.js",
      "get-nft:v2:run": "node ./build/v2/getNft.js",
  
      "transfer-nft": "yarn transfer-nft:v2",
      "transfer-nft:v1": "yarn tsc && yarn transfer-nft:v1:run",
      "transfer-nft:v2": "yarn tsc && yarn transfer-nft:v2:run",
      "transfer-nft:v1:run": "node ./build/v1/transferNft.js",
      "transfer-nft:v2:run": "node ./build/v2/transferNft.js",
  
      "burn-nft": "yarn burn-nft:v2",
      "burn-nft:v1": "yarn tsc && yarn burn-nft:v1:run",
      "burn-nft:v2": "yarn tsc && yarn burn-nft:v2:run",
      "burn-nft:v1:run": "node ./build/v1/burnNft.js",
      "burn-nft:v2:run": "node ./build/v2/burnNft.js",
  
      "set-royalty": "yarn set-royalty:v2",
      "set-royalty:v1": "yarn tsc && yarn set-royalty:v1:run",
      "set-royalty:v2": "yarn tsc && yarn set-royalty:v2:run",
      "set-royalty:v1:run": "node ./build/v1/setRoyalty.js",
      "set-royalty:v2:run": "node ./build/v2/setRoyalty.js",
  
      "get-royalty": "yarn get-royalty:v2",
      "get-royalty:v1": "yarn tsc && yarn get-royalty:v1:run",
      "get-royalty:v2": "yarn tsc && yarn get-royalty:v2:run",
      "get-royalty:v1:run": "node ./build/v1/getRoyalty.js",
      "get-royalty:v2:run": "node ./build/v2/getRoyalty.js",
  
      "test": "echo \"Error: no test specified\" && exit 1"
    },
    "author": "",
    "license": "ISC",
    "dependencies": {
      "dotenv": "^10.0.0",
      "ethers": "^5.4.6",
      "nft.storage": "^3.1.3",
      "node-fetch": "^2.6.1"
    },
    "devDependencies": {
      "@types/node-fetch": "^2.5.12",
      "typescript": "^4.3.5",
      "yarn-run-all": "^3.1.1"
    }
  }

yarn manifest: 
  No manifest

Lockfile: 
  # THIS IS AN AUTOGENERATED FILE. DO NOT EDIT THIS FILE DIRECTLY.
  # yarn lockfile v1
